{"C:\\Users\\Farzher\\Documents\\prelude-ls-extended\\index.js":{"path":"C:\\Users\\Farzher\\Documents\\prelude-ls-extended\\index.js","s":{"1":1,"2":1,"3":1,"4":2,"5":1,"6":2,"7":2,"8":2,"9":2,"10":2,"11":4,"12":1,"13":3,"14":2,"15":1,"16":1,"17":1,"18":0,"19":1,"20":0,"21":1,"22":2,"23":2,"24":2,"25":6,"26":6,"27":6,"28":6,"29":2,"30":1,"31":0,"32":0,"33":0,"34":0,"35":0,"36":1,"37":0,"38":0,"39":1,"40":0,"41":0,"42":0,"43":1,"44":0,"45":1,"46":0,"47":1,"48":0,"49":1,"50":0,"51":1,"52":0,"53":0,"54":0,"55":1,"56":1,"57":0,"58":0,"59":0,"60":1,"61":1,"62":1,"63":1,"64":1,"65":1},"b":{"1":[2,1],"2":[2,1],"3":[1,3],"4":[0,0],"5":[0,0],"6":[0,0],"7":[0,0],"8":[0,0],"9":[0,0]},"f":{"1":2,"2":2,"3":2,"4":1,"5":0,"6":0,"7":2,"8":0,"9":0,"10":0,"11":0,"12":0,"13":0,"14":0,"15":0,"16":0},"fnMap":{"1":{"name":"(anonymous_1)","line":4,"loc":{"start":{"line":4,"column":15},"end":{"line":4,"column":35}}},"2":{"name":"(anonymous_2)","line":7,"loc":{"start":{"line":7,"column":14},"end":{"line":7,"column":39}}},"3":{"name":"(anonymous_3)","line":10,"loc":{"start":{"line":10,"column":10},"end":{"line":10,"column":20}}},"4":{"name":"(anonymous_4)","line":22,"loc":{"start":{"line":22,"column":10},"end":{"line":22,"column":22}}},"5":{"name":"(anonymous_5)","line":25,"loc":{"start":{"line":25,"column":10},"end":{"line":25,"column":28}}},"6":{"name":"(anonymous_6)","line":28,"loc":{"start":{"line":28,"column":10},"end":{"line":28,"column":31}}},"7":{"name":"(anonymous_7)","line":31,"loc":{"start":{"line":31,"column":12},"end":{"line":31,"column":25}}},"8":{"name":"(anonymous_8)","line":42,"loc":{"start":{"line":42,"column":9},"end":{"line":42,"column":27}}},"9":{"name":"(anonymous_9)","line":50,"loc":{"start":{"line":50,"column":11},"end":{"line":50,"column":24}}},"10":{"name":"(anonymous_10)","line":54,"loc":{"start":{"line":54,"column":13},"end":{"line":54,"column":27}}},"11":{"name":"(anonymous_11)","line":61,"loc":{"start":{"line":61,"column":8},"end":{"line":61,"column":21}}},"12":{"name":"(anonymous_12)","line":64,"loc":{"start":{"line":64,"column":8},"end":{"line":64,"column":21}}},"13":{"name":"(anonymous_13)","line":67,"loc":{"start":{"line":67,"column":18},"end":{"line":67,"column":32}}},"14":{"name":"(anonymous_14)","line":70,"loc":{"start":{"line":70,"column":15},"end":{"line":70,"column":28}}},"15":{"name":"(anonymous_15)","line":73,"loc":{"start":{"line":73,"column":11},"end":{"line":73,"column":24}}},"16":{"name":"(anonymous_16)","line":81,"loc":{"start":{"line":81,"column":13},"end":{"line":81,"column":24}}}},"statementMap":{"1":{"start":{"line":2,"column":0},"end":{"line":2,"column":6}},"2":{"start":{"line":3,"column":0},"end":{"line":3,"column":26}},"3":{"start":{"line":4,"column":0},"end":{"line":6,"column":2}},"4":{"start":{"line":5,"column":2},"end":{"line":5,"column":32}},"5":{"start":{"line":7,"column":0},"end":{"line":21,"column":2}},"6":{"start":{"line":8,"column":2},"end":{"line":8,"column":10}},"7":{"start":{"line":9,"column":2},"end":{"line":9,"column":30}},"8":{"start":{"line":10,"column":2},"end":{"line":20,"column":7}},"9":{"start":{"line":11,"column":4},"end":{"line":11,"column":22}},"10":{"start":{"line":12,"column":4},"end":{"line":18,"column":5}},"11":{"start":{"line":13,"column":6},"end":{"line":17,"column":7}},"12":{"start":{"line":14,"column":8},"end":{"line":14,"column":32}},"13":{"start":{"line":16,"column":8},"end":{"line":16,"column":27}},"14":{"start":{"line":19,"column":4},"end":{"line":19,"column":20}},"15":{"start":{"line":22,"column":0},"end":{"line":24,"column":2}},"16":{"start":{"line":23,"column":2},"end":{"line":23,"column":21}},"17":{"start":{"line":25,"column":0},"end":{"line":27,"column":2}},"18":{"start":{"line":26,"column":2},"end":{"line":26,"column":44}},"19":{"start":{"line":28,"column":0},"end":{"line":30,"column":2}},"20":{"start":{"line":29,"column":2},"end":{"line":29,"column":23}},"21":{"start":{"line":31,"column":0},"end":{"line":41,"column":2}},"22":{"start":{"line":32,"column":2},"end":{"line":32,"column":14}},"23":{"start":{"line":33,"column":2},"end":{"line":33,"column":25}},"24":{"start":{"line":34,"column":2},"end":{"line":39,"column":3}},"25":{"start":{"line":35,"column":4},"end":{"line":35,"column":38}},"26":{"start":{"line":36,"column":4},"end":{"line":36,"column":17}},"27":{"start":{"line":37,"column":4},"end":{"line":37,"column":20}},"28":{"start":{"line":38,"column":4},"end":{"line":38,"column":15}},"29":{"start":{"line":40,"column":2},"end":{"line":40,"column":13}},"30":{"start":{"line":42,"column":0},"end":{"line":49,"column":2}},"31":{"start":{"line":43,"column":2},"end":{"line":43,"column":11}},"32":{"start":{"line":44,"column":2},"end":{"line":44,"column":30}},"33":{"start":{"line":45,"column":2},"end":{"line":47,"column":3}},"34":{"start":{"line":46,"column":4},"end":{"line":46,"column":50}},"35":{"start":{"line":48,"column":2},"end":{"line":48,"column":59}},"36":{"start":{"line":50,"column":0},"end":{"line":53,"column":2}},"37":{"start":{"line":51,"column":2},"end":{"line":51,"column":29}},"38":{"start":{"line":52,"column":2},"end":{"line":52,"column":29}},"39":{"start":{"line":54,"column":0},"end":{"line":60,"column":2}},"40":{"start":{"line":55,"column":2},"end":{"line":59,"column":3}},"41":{"start":{"line":56,"column":4},"end":{"line":56,"column":14}},"42":{"start":{"line":58,"column":4},"end":{"line":58,"column":13}},"43":{"start":{"line":61,"column":0},"end":{"line":63,"column":2}},"44":{"start":{"line":62,"column":2},"end":{"line":62,"column":34}},"45":{"start":{"line":64,"column":0},"end":{"line":66,"column":2}},"46":{"start":{"line":65,"column":2},"end":{"line":65,"column":27}},"47":{"start":{"line":67,"column":0},"end":{"line":69,"column":2}},"48":{"start":{"line":68,"column":2},"end":{"line":68,"column":45}},"49":{"start":{"line":70,"column":0},"end":{"line":72,"column":2}},"50":{"start":{"line":71,"column":2},"end":{"line":71,"column":56}},"51":{"start":{"line":73,"column":0},"end":{"line":79,"column":2}},"52":{"start":{"line":74,"column":2},"end":{"line":78,"column":3}},"53":{"start":{"line":75,"column":4},"end":{"line":75,"column":13}},"54":{"start":{"line":77,"column":4},"end":{"line":77,"column":13}},"55":{"start":{"line":80,"column":0},"end":{"line":80,"column":30}},"56":{"start":{"line":81,"column":0},"end":{"line":87,"column":2}},"57":{"start":{"line":82,"column":2},"end":{"line":86,"column":3}},"58":{"start":{"line":83,"column":4},"end":{"line":83,"column":13}},"59":{"start":{"line":85,"column":4},"end":{"line":85,"column":13}},"60":{"start":{"line":88,"column":0},"end":{"line":88,"column":28}},"61":{"start":{"line":89,"column":0},"end":{"line":89,"column":26}},"62":{"start":{"line":90,"column":0},"end":{"line":90,"column":32}},"63":{"start":{"line":91,"column":0},"end":{"line":91,"column":32}},"64":{"start":{"line":92,"column":0},"end":{"line":92,"column":40}},"65":{"start":{"line":93,"column":0},"end":{"line":93,"column":19}}},"branchMap":{"1":{"line":5,"type":"binary-expr","locations":[{"start":{"line":5,"column":9},"end":{"line":5,"column":25}},{"start":{"line":5,"column":29},"end":{"line":5,"column":31}}]},"2":{"line":9,"type":"binary-expr","locations":[{"start":{"line":9,"column":2},"end":{"line":9,"column":13}},{"start":{"line":9,"column":18},"end":{"line":9,"column":28}}]},"3":{"line":13,"type":"if","locations":[{"start":{"line":13,"column":6},"end":{"line":13,"column":6}},{"start":{"line":13,"column":6},"end":{"line":13,"column":6}}]},"4":{"line":44,"type":"binary-expr","locations":[{"start":{"line":44,"column":2},"end":{"line":44,"column":13}},{"start":{"line":44,"column":18},"end":{"line":44,"column":28}}]},"5":{"line":45,"type":"if","locations":[{"start":{"line":45,"column":2},"end":{"line":45,"column":2}},{"start":{"line":45,"column":2},"end":{"line":45,"column":2}}]},"6":{"line":51,"type":"binary-expr","locations":[{"start":{"line":51,"column":2},"end":{"line":51,"column":13}},{"start":{"line":51,"column":18},"end":{"line":51,"column":27}}]},"7":{"line":55,"type":"if","locations":[{"start":{"line":55,"column":2},"end":{"line":55,"column":2}},{"start":{"line":55,"column":2},"end":{"line":55,"column":2}}]},"8":{"line":74,"type":"if","locations":[{"start":{"line":74,"column":2},"end":{"line":74,"column":2}},{"start":{"line":74,"column":2},"end":{"line":74,"column":2}}]},"9":{"line":82,"type":"if","locations":[{"start":{"line":82,"column":2},"end":{"line":82,"column":2}},{"start":{"line":82,"column":2},"end":{"line":82,"column":2}}]}}}}